<?xml version="1.0" encoding="UTF-8"?>
<testng-results ignored="0" total="3" passed="3" failed="0" skipped="0">
  <reporter-output>
  </reporter-output>
  <suite started-at="2023-11-01T11:39:54 IST" name="Suite" finished-at="2023-11-01T11:40:18 IST" duration-ms="24761">
    <groups>
    </groups>
    <test started-at="2023-11-01T11:39:54 IST" name="Test" finished-at="2023-11-01T11:40:18 IST" duration-ms="24761">
      <class name="NewTestNg.Login">
        <test-method signature="login()[pri:0, instance:NewTestNg.Login@128d2484]" started-at="2023-11-01T11:40:10 IST" name="login" finished-at="2023-11-01T11:40:18 IST" duration-ms="8251" status="PASS">
          <reporter-output>
          </reporter-output>
        </test-method> <!-- login -->
      </class> <!-- NewTestNg.Login -->
      <class name="NewTestNg.addtocart">
        <test-method signature="addToCart()[pri:0, instance:NewTestNg.addtocart@459e9125]" started-at="2023-11-01T11:40:03 IST" name="addToCart" finished-at="2023-11-01T11:40:10 IST" duration-ms="7308" status="PASS">
          <reporter-output>
          </reporter-output>
        </test-method> <!-- addToCart -->
      </class> <!-- NewTestNg.addtocart -->
      <class name="NewTestNg.Register">
        <test-method signature="register()[pri:0, instance:NewTestNg.Register@3023df74]" started-at="2023-11-01T11:39:54 IST" name="register" finished-at="2023-11-01T11:40:03 IST" duration-ms="9122" status="PASS">
          <reporter-output>
          </reporter-output>
        </test-method> <!-- register -->
      </class> <!-- NewTestNg.Register -->
    </test> <!-- Test -->
  </suite> <!-- Suite -->
</testng-results>
